<?xml version="1.0" encoding="UTF-8"?>
<testsuite name="com.phonebook.tests.LoginTests" tests="2" skipped="0" failures="0" errors="0" timestamp="2025-09-04T19:43:04.732Z" hostname="DESKTOP-BJI98SJ" time="6.343">
  <properties/>
  <testcase name="loginSuccessTest" classname="com.phonebook.tests.LoginTests" time="4.443"/>
  <testcase name="loginSuccessTest2" classname="com.phonebook.tests.LoginTests" time="1.894"/>
  <system-out><![CDATA[21:43:04.727 [Test worker] INFO  com.phonebook.core.TestBase -- Start test: loginSuccessTest with data: []
eyJhbGciOiJIUzI1NiJ9.eyJyb2xlcyI6WyJST0xFX1VTRVIiXSwic3ViIjoiZ29zaGFAZG14LmRlIiwiaXNzIjoiUmVndWxhaXQiLCJleHAiOjE3NTc2MTQ5ODksImlhdCI6MTc1NzAxNDk4OX0.FvQicXAjkIgzD6Q8rJubU3zmPePlgwSjDszZSqlGeJ8
21:43:09.178 [Test worker] INFO  com.phonebook.core.TestBase -- PASSED: loginSuccessTest
21:43:09.178 [Test worker] INFO  com.phonebook.core.TestBase -- *************************************
21:43:09.181 [Test worker] INFO  com.phonebook.core.TestBase -- Start test: loginSuccessTest2 with data: []
eyJhbGciOiJIUzI1NiJ9.eyJyb2xlcyI6WyJST0xFX1VTRVIiXSwic3ViIjoiZ29zaGFAZG14LmRlIiwiaXNzIjoiUmVndWxhaXQiLCJleHAiOjE3NTc2MTQ5OTAsImlhdCI6MTc1NzAxNDk5MH0.dN9iEa7dYVH-U0NreYVT4EqWdQuqbFUnzly9dPkmUyQ
21:43:11.076 [Test worker] INFO  com.phonebook.core.TestBase -- PASSED: loginSuccessTest2
21:43:11.077 [Test worker] INFO  com.phonebook.core.TestBase -- *************************************
]]></system-out>
  <system-err><![CDATA[]]></system-err>
</testsuite>
