<?xml version="1.0" encoding="UTF-8"?>
<testsuite name="com.phonebook.tests.DeleteContactByIdTests" tests="1" skipped="0" failures="0" errors="0" timestamp="2025-09-04T19:43:18.649Z" hostname="DESKTOP-BJI98SJ" time="0.805">
  <properties/>
  <testcase name="deleteByIdSuccessTest" classname="com.phonebook.tests.DeleteContactByIdTests" time="0.805"/>
  <system-out><![CDATA[21:43:17.054 [Test worker] INFO  com.phonebook.core.TestBase -- Start test: deleteByIdSuccessTest with data: []
21:43:19.454 [Test worker] INFO  com.phonebook.core.TestBase -- PASSED: deleteByIdSuccessTest
21:43:19.455 [Test worker] INFO  com.phonebook.core.TestBase -- *************************************
]]></system-out>
  <system-err><![CDATA[]]></system-err>
</testsuite>
